0 info it worked if it ends with ok
1 verbose cli [ '/Users/erikmichaelson/.nvm/versions/node/v6.1.0/bin/node',
1 verbose cli   '/Users/erikmichaelson/.nvm/versions/node/v6.1.0/bin/npm',
1 verbose cli   'start' ]
2 info using npm@3.8.6
3 info using node@v6.1.0
4 verbose run-script [ 'prestart', 'start', 'poststart' ]
5 info lifecycle tsnode-module-error@1.0.0~prestart: tsnode-module-error@1.0.0
6 silly lifecycle tsnode-module-error@1.0.0~prestart: no script for prestart, continuing
7 info lifecycle tsnode-module-error@1.0.0~start: tsnode-module-error@1.0.0
8 verbose lifecycle tsnode-module-error@1.0.0~start: unsafe-perm in lifecycle true
9 verbose lifecycle tsnode-module-error@1.0.0~start: PATH: /Users/erikmichaelson/.nvm/versions/node/v6.1.0/lib/node_modules/npm/bin/node-gyp-bin:/Users/erikmichaelson/borkxs/examples/tsnode-module-error/node_modules/.bin:/Users/erikmichaelson/.nvm/versions/node/v6.1.0/bin:/Users/erikmichaelson/.nvm/versions/node/v6.1.0/bin:/Users/erikmichaelson/.rbenv/shims:/Users/erikmichaelson/.rbenv/shims:/Users/erikmichaelson/local/bin:/Users/erikmichaelson/bin:/opt/local/bin:/opt/local/sbin:/usr/bin:/bin:/usr/sbin:/sbin:/usr/local/bin:/opt/X11/bin:/Library/TeX/texbin:/Applications/Postgres.app/Contents/Versions/latest/bin:/usr/local/opt/fzf/bin
10 verbose lifecycle tsnode-module-error@1.0.0~start: CWD: /Users/erikmichaelson/borkxs/examples/tsnode-module-error
11 silly lifecycle tsnode-module-error@1.0.0~start: Args: [ '-c', 'ts-node index.ts' ]
12 silly lifecycle tsnode-module-error@1.0.0~start: Returned: code: 1  signal: null
13 info lifecycle tsnode-module-error@1.0.0~start: Failed to exec start script
14 verbose stack Error: tsnode-module-error@1.0.0 start: `ts-node index.ts`
14 verbose stack Exit status 1
14 verbose stack     at EventEmitter.<anonymous> (/Users/erikmichaelson/.nvm/versions/node/v6.1.0/lib/node_modules/npm/lib/utils/lifecycle.js:239:16)
14 verbose stack     at emitTwo (events.js:106:13)
14 verbose stack     at EventEmitter.emit (events.js:191:7)
14 verbose stack     at ChildProcess.<anonymous> (/Users/erikmichaelson/.nvm/versions/node/v6.1.0/lib/node_modules/npm/lib/utils/spawn.js:24:14)
14 verbose stack     at emitTwo (events.js:106:13)
14 verbose stack     at ChildProcess.emit (events.js:191:7)
14 verbose stack     at maybeClose (internal/child_process.js:850:16)
14 verbose stack     at Process.ChildProcess._handle.onexit (internal/child_process.js:215:5)
15 verbose pkgid tsnode-module-error@1.0.0
16 verbose cwd /Users/erikmichaelson/borkxs/examples/tsnode-module-error
17 error Darwin 15.6.0
18 error argv "/Users/erikmichaelson/.nvm/versions/node/v6.1.0/bin/node" "/Users/erikmichaelson/.nvm/versions/node/v6.1.0/bin/npm" "start"
19 error node v6.1.0
20 error npm  v3.8.6
21 error code ELIFECYCLE
22 error tsnode-module-error@1.0.0 start: `ts-node index.ts`
22 error Exit status 1
23 error Failed at the tsnode-module-error@1.0.0 start script 'ts-node index.ts'.
23 error Make sure you have the latest version of node.js and npm installed.
23 error If you do, this is most likely a problem with the tsnode-module-error package,
23 error not with npm itself.
23 error Tell the author that this fails on your system:
23 error     ts-node index.ts
23 error You can get information on how to open an issue for this project with:
23 error     npm bugs tsnode-module-error
23 error Or if that isn't available, you can get their info via:
23 error     npm owner ls tsnode-module-error
23 error There is likely additional logging output above.
24 verbose exit [ 1, true ]
